have_func: checking for rb_thread_blocking_region()... -------------------- yes

"gcc -o conftest -IC:/RailsInstaller/Ruby1.9.3/include/ruby-1.9.1/i386-mingw32 -IC:/RailsInstaller/Ruby1.9.3/include/ruby-1.9.1/ruby/backward -IC:/RailsInstaller/Ruby1.9.3/include/ruby-1.9.1 -I. -DFD_SETSIZE=2048  -DFD_SETSIZE=2048  -O3 -fno-omit-frame-pointer -g -Wall -Wextra -Wno-unused-parameter -Wno-parentheses -Wno-long-long -Wno-missing-field-initializers -Wpointer-arith -Wwrite-strings -Wdeclaration-after-statement -Wimplicit-function-declaration conftest.c  -L. -LC:/RailsInstaller/Ruby1.9.3/lib -L.      -lmsvcrt-ruby191  -lshell32 -lws2_32 -limagehlp -lshlwapi  "
checked program was:
/* begin */
1: #include "ruby.h"
2: 
3: #include <winsock2.h>
4: #include <windows.h>
5: int main() {return 0;}
/* end */

"gcc -o conftest -IC:/RailsInstaller/Ruby1.9.3/include/ruby-1.9.1/i386-mingw32 -IC:/RailsInstaller/Ruby1.9.3/include/ruby-1.9.1/ruby/backward -IC:/RailsInstaller/Ruby1.9.3/include/ruby-1.9.1 -I. -DFD_SETSIZE=2048  -DFD_SETSIZE=2048  -O3 -fno-omit-frame-pointer -g -Wall -Wextra -Wno-unused-parameter -Wno-parentheses -Wno-long-long -Wno-missing-field-initializers -Wpointer-arith -Wwrite-strings -Wdeclaration-after-statement -Wimplicit-function-declaration conftest.c  -L. -LC:/RailsInstaller/Ruby1.9.3/lib -L.      -lmsvcrt-ruby191  -lshell32 -lws2_32 -limagehlp -lshlwapi  "
checked program was:
/* begin */
1: #include "ruby.h"
2: 
3: #include <winsock2.h>
4: #include <windows.h>
5: 
6: /*top*/
7: int main() {return 0;}
8: int t() { void ((*volatile p)()); p = (void ((*)()))rb_thread_blocking_region; return 0; }
/* end */

--------------------

have_func: checking for rb_wait_for_single_fd()... -------------------- yes

"gcc -o conftest -IC:/RailsInstaller/Ruby1.9.3/include/ruby-1.9.1/i386-mingw32 -IC:/RailsInstaller/Ruby1.9.3/include/ruby-1.9.1/ruby/backward -IC:/RailsInstaller/Ruby1.9.3/include/ruby-1.9.1 -I. -DFD_SETSIZE=2048  -DFD_SETSIZE=2048  -O3 -fno-omit-frame-pointer -g -Wall -Wextra -Wno-unused-parameter -Wno-parentheses -Wno-long-long -Wno-missing-field-initializers -Wpointer-arith -Wwrite-strings -Wdeclaration-after-statement -Wimplicit-function-declaration conftest.c  -L. -LC:/RailsInstaller/Ruby1.9.3/lib -L.      -lmsvcrt-ruby191  -lshell32 -lws2_32 -limagehlp -lshlwapi  "
conftest.c: In function 't':
conftest.c:8:53: error: 'rb_wait_for_single_fd' undeclared (first use in this function)
conftest.c:8:53: note: each undeclared identifier is reported only once for each function it appears in
checked program was:
/* begin */
1: #include "ruby.h"
2: 
3: #include <winsock2.h>
4: #include <windows.h>
5: 
6: /*top*/
7: int main() {return 0;}
8: int t() { void ((*volatile p)()); p = (void ((*)()))rb_wait_for_single_fd; return 0; }
/* end */

"gcc -o conftest -IC:/RailsInstaller/Ruby1.9.3/include/ruby-1.9.1/i386-mingw32 -IC:/RailsInstaller/Ruby1.9.3/include/ruby-1.9.1/ruby/backward -IC:/RailsInstaller/Ruby1.9.3/include/ruby-1.9.1 -I. -DFD_SETSIZE=2048  -DFD_SETSIZE=2048  -O3 -fno-omit-frame-pointer -g -Wall -Wextra -Wno-unused-parameter -Wno-parentheses -Wno-long-long -Wno-missing-field-initializers -Wpointer-arith -Wwrite-strings -Wdeclaration-after-statement -Wimplicit-function-declaration conftest.c  -L. -LC:/RailsInstaller/Ruby1.9.3/lib -L.      -lmsvcrt-ruby191  -lshell32 -lws2_32 -limagehlp -lshlwapi  "
conftest.c: In function 't':
conftest.c:8:1: warning: implicit declaration of function 'rb_wait_for_single_fd'
checked program was:
/* begin */
1: #include "ruby.h"
2: 
3: #include <winsock2.h>
4: #include <windows.h>
5: 
6: /*top*/
7: int main() {return 0;}
8: int t() { rb_wait_for_single_fd(); return 0; }
/* end */

--------------------

have_func: checking for rb_hash_dup()... -------------------- yes

"gcc -o conftest -IC:/RailsInstaller/Ruby1.9.3/include/ruby-1.9.1/i386-mingw32 -IC:/RailsInstaller/Ruby1.9.3/include/ruby-1.9.1/ruby/backward -IC:/RailsInstaller/Ruby1.9.3/include/ruby-1.9.1 -I. -DFD_SETSIZE=2048  -DFD_SETSIZE=2048  -O3 -fno-omit-frame-pointer -g -Wall -Wextra -Wno-unused-parameter -Wno-parentheses -Wno-long-long -Wno-missing-field-initializers -Wpointer-arith -Wwrite-strings -Wdeclaration-after-statement -Wimplicit-function-declaration conftest.c  -L. -LC:/RailsInstaller/Ruby1.9.3/lib -L.      -lmsvcrt-ruby191  -lshell32 -lws2_32 -limagehlp -lshlwapi  "
checked program was:
/* begin */
1: #include "ruby.h"
2: 
3: #include <winsock2.h>
4: #include <windows.h>
5: 
6: /*top*/
7: int main() {return 0;}
8: int t() { void ((*volatile p)()); p = (void ((*)()))rb_hash_dup; return 0; }
/* end */

--------------------

have_func: checking for rb_intern3()... -------------------- yes

"gcc -o conftest -IC:/RailsInstaller/Ruby1.9.3/include/ruby-1.9.1/i386-mingw32 -IC:/RailsInstaller/Ruby1.9.3/include/ruby-1.9.1/ruby/backward -IC:/RailsInstaller/Ruby1.9.3/include/ruby-1.9.1 -I. -DFD_SETSIZE=2048  -DFD_SETSIZE=2048  -O3 -fno-omit-frame-pointer -g -Wall -Wextra -Wno-unused-parameter -Wno-parentheses -Wno-long-long -Wno-missing-field-initializers -Wpointer-arith -Wwrite-strings -Wdeclaration-after-statement -Wimplicit-function-declaration conftest.c  -L. -LC:/RailsInstaller/Ruby1.9.3/lib -L.      -lmsvcrt-ruby191  -lshell32 -lws2_32 -limagehlp -lshlwapi  "
conftest.c: In function 't':
conftest.c:8:53: error: 'rb_intern3' undeclared (first use in this function)
conftest.c:8:53: note: each undeclared identifier is reported only once for each function it appears in
checked program was:
/* begin */
1: #include "ruby.h"
2: 
3: #include <winsock2.h>
4: #include <windows.h>
5: 
6: /*top*/
7: int main() {return 0;}
8: int t() { void ((*volatile p)()); p = (void ((*)()))rb_intern3; return 0; }
/* end */

"gcc -o conftest -IC:/RailsInstaller/Ruby1.9.3/include/ruby-1.9.1/i386-mingw32 -IC:/RailsInstaller/Ruby1.9.3/include/ruby-1.9.1/ruby/backward -IC:/RailsInstaller/Ruby1.9.3/include/ruby-1.9.1 -I. -DFD_SETSIZE=2048  -DFD_SETSIZE=2048  -O3 -fno-omit-frame-pointer -g -Wall -Wextra -Wno-unused-parameter -Wno-parentheses -Wno-long-long -Wno-missing-field-initializers -Wpointer-arith -Wwrite-strings -Wdeclaration-after-statement -Wimplicit-function-declaration conftest.c  -L. -LC:/RailsInstaller/Ruby1.9.3/lib -L.      -lmsvcrt-ruby191  -lshell32 -lws2_32 -limagehlp -lshlwapi  "
conftest.c: In function 't':
conftest.c:8:1: warning: implicit declaration of function 'rb_intern3'
checked program was:
/* begin */
1: #include "ruby.h"
2: 
3: #include <winsock2.h>
4: #include <windows.h>
5: 
6: /*top*/
7: int main() {return 0;}
8: int t() { rb_intern3(); return 0; }
/* end */

--------------------

